<!DOCTYPE html>
<html lang="en">
<head>
    <meta charset="UTF-8">
    <title>question 0</title>
</head>
<body>
    <h1>question 0</h1>
    <div>text 0, 1</div>
    <hr>
    <ul>
    
    </ul>
    <hr>
    <form method="post" action="/question/1/">
        <fieldset>
<input type='hidden' name='csrfmiddlewaretoken' value='Y8ZiNHbuucfKpzOi6KKoqTZLqceIIK3M' />
<p><label for="id_text">Text:</label> <textarea cols="40" id="id_text" name="text" rows="10">
</textarea><input id="id_question" name="question" type="hidden" value="1" /></p>
        </fieldset>
        <button type="submit">Ответить</button>
    </form>
    <hr>
    <div><a href="/ask/">Ask a new question</a></div>
    <div>User: AnonymousUser</div>
    <div>Session: &lt;django.contrib.sessions.backends.db.SessionStore object at 0x7efdafda6ed0&gt;</div>
    <div><a href="/">Return to main page</a></div>
</body>
</html>
